

Started GET "/assets/rails.png" for 127.0.0.1 at 2012-07-30 10:48:49 -0700
Connecting to database specified by database.yml
Served asset /rails.png - 304 Not Modified (4ms)


Started GET "/assets/rails.png" for 127.0.0.1 at 2012-07-30 10:59:05 -0700
Served asset /rails.png - 304 Not Modified (0ms)
Connecting to database specified by database.yml
Connecting to database specified by database.yml
Connecting to database specified by database.yml
Connecting to database specified by database.yml
  [1m[36m (0.2ms)[0m  [1mselect sqlite_version(*)[0m
  [1m[35m (1.6ms)[0m  CREATE TABLE "schema_migrations" ("version" varchar(255) NOT NULL) 
  [1m[36m (0.0ms)[0m  [1mPRAGMA index_list("schema_migrations")[0m
  [1m[35m (1.2ms)[0m  CREATE UNIQUE INDEX "unique_schema_migrations" ON "schema_migrations" ("version")
  [1m[36m (0.1ms)[0m  [1mSELECT "schema_migrations"."version" FROM "schema_migrations" [0m
Migrating to CreatePolls (20120730175944)
  [1m[35m (0.0ms)[0m  begin transaction
  [1m[36m (0.3ms)[0m  [1mCREATE TABLE "polls" ("id" INTEGER PRIMARY KEY AUTOINCREMENT NOT NULL, "name" varchar(255), "link" varchar(255), "created_at" datetime NOT NULL, "updated_at" datetime NOT NULL) [0m
  [1m[35m (0.1ms)[0m  INSERT INTO "schema_migrations" ("version") VALUES ('20120730175944')
  [1m[36m (1.2ms)[0m  [1mcommit transaction[0m
Migrating to CreateQuestions (20120730180339)
  [1m[35m (0.0ms)[0m  begin transaction
  [1m[36m (0.3ms)[0m  [1mCREATE TABLE "questions" ("id" INTEGER PRIMARY KEY AUTOINCREMENT NOT NULL, "prompt" varchar(255), "created_at" datetime NOT NULL, "updated_at" datetime NOT NULL) [0m
  [1m[35m (0.1ms)[0m  INSERT INTO "schema_migrations" ("version") VALUES ('20120730180339')
  [1m[36m (1.0ms)[0m  [1mcommit transaction[0m
Migrating to CreateAnswers (20120730180718)
  [1m[35m (0.0ms)[0m  begin transaction
  [1m[36m (0.3ms)[0m  [1mCREATE TABLE "answers" ("id" INTEGER PRIMARY KEY AUTOINCREMENT NOT NULL, "statement" varchar(255), "check" integer, "created_at" datetime NOT NULL, "updated_at" datetime NOT NULL) [0m
  [1m[35m (0.1ms)[0m  INSERT INTO "schema_migrations" ("version") VALUES ('20120730180718')
  [1m[36m (1.2ms)[0m  [1mcommit transaction[0m
  [1m[35m (0.3ms)[0m  select sqlite_version(*)
  [1m[36m (0.1ms)[0m  [1mSELECT "schema_migrations"."version" FROM "schema_migrations" [0m
  [1m[35m (0.0ms)[0m  PRAGMA index_list("answers")
  [1m[36m (0.0ms)[0m  [1mPRAGMA index_list("polls")[0m
  [1m[35m (0.0ms)[0m  PRAGMA index_list("questions")


Started GET "/assets/rails.png" for 127.0.0.1 at 2012-07-30 11:10:18 -0700
Served asset /rails.png - 304 Not Modified (0ms)


Started GET "/assets/rails.png" for 127.0.0.1 at 2012-07-30 11:10:21 -0700
Served asset /rails.png - 304 Not Modified (0ms)


Started GET "/" for 127.0.0.1 at 2012-07-30 11:10:49 -0700
Processing by PollsController#index as HTML
  Rendered polls/index.html.erb within layouts/application (1.9ms)
Compiled polls.css  (31ms)  (pid 1371)
Compiled application.css  (37ms)  (pid 1371)
Compiled jquery.js  (3ms)  (pid 1371)
Compiled jquery_ujs.js  (0ms)  (pid 1371)
Compiled polls.js  (73ms)  (pid 1371)
Compiled application.js  (129ms)  (pid 1371)
Completed 200 OK in 265ms (Views: 265.0ms | ActiveRecord: 0.0ms)


Started GET "/assets/polls.css?body=1" for 127.0.0.1 at 2012-07-30 11:10:49 -0700
Served asset /polls.css - 200 OK (1ms)


Started GET "/assets/application.css?body=1" for 127.0.0.1 at 2012-07-30 11:10:49 -0700
Served asset /application.css - 304 Not Modified (5ms)


Started GET "/assets/polls.js?body=1" for 127.0.0.1 at 2012-07-30 11:10:49 -0700
Served asset /polls.js - 200 OK (1ms)


Started GET "/assets/application.js?body=1" for 127.0.0.1 at 2012-07-30 11:10:49 -0700
Served asset /application.js - 304 Not Modified (22ms)


Started GET "/assets/jquery.js?body=1" for 127.0.0.1 at 2012-07-30 11:10:49 -0700
Served asset /jquery.js - 304 Not Modified (2ms)


Started GET "/assets/jquery_ujs.js?body=1" for 127.0.0.1 at 2012-07-30 11:10:49 -0700
Served asset /jquery_ujs.js - 304 Not Modified (1ms)


Started GET "/" for 127.0.0.1 at 2012-07-30 11:12:03 -0700
Processing by PollsController#index as HTML
  Rendered polls/index.html.erb within layouts/application (0.0ms)
Compiled bootstrap_and_overrides.css  (630ms)  (pid 1371)
Compiled application.css  (660ms)  (pid 1371)
Completed 200 OK in 679ms (Views: 678.8ms | ActiveRecord: 0.0ms)


Started GET "/assets/application.css?body=1" for 127.0.0.1 at 2012-07-30 11:12:03 -0700
Served asset /application.css - 304 Not Modified (11ms)


Started GET "/assets/polls.css?body=1" for 127.0.0.1 at 2012-07-30 11:12:03 -0700
Served asset /polls.css - 304 Not Modified (0ms)


Started GET "/assets/jquery.js?body=1" for 127.0.0.1 at 2012-07-30 11:12:03 -0700
Served asset /jquery.js - 304 Not Modified (0ms)


Started GET "/assets/bootstrap_and_overrides.css?body=1" for 127.0.0.1 at 2012-07-30 11:12:03 -0700
Served asset /bootstrap_and_overrides.css - 304 Not Modified (28ms)


Started GET "/assets/jquery_ujs.js?body=1" for 127.0.0.1 at 2012-07-30 11:12:03 -0700
Served asset /jquery_ujs.js - 304 Not Modified (0ms)


Started GET "/assets/polls.js?body=1" for 127.0.0.1 at 2012-07-30 11:12:03 -0700
Served asset /polls.js - 304 Not Modified (0ms)


Started GET "/assets/application.js?body=1" for 127.0.0.1 at 2012-07-30 11:12:03 -0700
Served asset /application.js - 304 Not Modified (0ms)


Started GET "/assets/jquery_ujs.js?body=1" for 127.0.0.1 at 2012-07-30 11:12:04 -0700
Served asset /jquery_ujs.js - 304 Not Modified (0ms)


Started GET "/assets/polls.js?body=1" for 127.0.0.1 at 2012-07-30 11:12:04 -0700
Served asset /polls.js - 304 Not Modified (0ms)


Started GET "/assets/application.js?body=1" for 127.0.0.1 at 2012-07-30 11:12:04 -0700
Served asset /application.js - 304 Not Modified (0ms)


Started GET "/" for 127.0.0.1 at 2012-07-30 11:21:19 -0700
Processing by PollsController#index as HTML
  Rendered polls/index.html.erb within layouts/application (0.0ms)
Completed 200 OK in 5ms (Views: 5.1ms | ActiveRecord: 0.0ms)


Started GET "/assets/application.css?body=1" for 127.0.0.1 at 2012-07-30 11:21:19 -0700
Served asset /application.css - 304 Not Modified (0ms)


Started GET "/assets/bootstrap_and_overrides.css?body=1" for 127.0.0.1 at 2012-07-30 11:21:19 -0700
Served asset /bootstrap_and_overrides.css - 304 Not Modified (0ms)


Started GET "/assets/polls.js?body=1" for 127.0.0.1 at 2012-07-30 11:21:19 -0700
Served asset /polls.js - 304 Not Modified (0ms)


Started GET "/assets/jquery_ujs.js?body=1" for 127.0.0.1 at 2012-07-30 11:21:19 -0700
Served asset /jquery_ujs.js - 304 Not Modified (0ms)


Started GET "/assets/jquery.js?body=1" for 127.0.0.1 at 2012-07-30 11:21:19 -0700
Served asset /jquery.js - 304 Not Modified (0ms)


Started GET "/assets/polls.css?body=1" for 127.0.0.1 at 2012-07-30 11:21:19 -0700
Served asset /polls.css - 304 Not Modified (0ms)


Started GET "/assets/application.js?body=1" for 127.0.0.1 at 2012-07-30 11:21:19 -0700
Served asset /application.js - 304 Not Modified (0ms)


Started GET "/polls/new" for 127.0.0.1 at 2012-07-30 11:21:20 -0700
Processing by PollsController#new as HTML
ERROR: compiling _app_views_polls_new_html_erb___2639561501862399485_70215184457040 RAISED /Users/noshaf/Desktop/DevBootcamp/Pollster/app/views/polls/new.html.erb:10: syntax error, unexpected keyword_ensure, expecting keyword_end
/Users/noshaf/Desktop/DevBootcamp/Pollster/app/views/polls/new.html.erb:12: syntax error, unexpected $end, expecting keyword_end
Function body:           def _app_views_polls_new_html_erb___2639561501862399485_70215184457040(local_assigns, output_buffer)
            _old_virtual_path, @virtual_path = @virtual_path, "polls/new";_old_output_buffer = @output_buffer;;@output_buffer = output_buffer || ActionView::OutputBuffer.new;@output_buffer.safe_concat('<div class="row">
	<div class="span4">
		<h1> Create a poll </h1>
		');@output_buffer.append=  form_for @poll do |f| @output_buffer.safe_concat('
');@output_buffer.safe_concat('			');@output_buffer.append= ( f.text_field :name );@output_buffer.safe_concat('
');@output_buffer.safe_concat('			');@output_buffer.append= ( f.submit );@output_buffer.safe_concat('
');@output_buffer.safe_concat('	</div>
</div>
');@output_buffer.to_s
          ensure
            @virtual_path, @output_buffer = _old_virtual_path, _old_output_buffer
          end

Backtrace: /Users/noshaf/.rvm/gems/ruby-1.9.3-p194/gems/actionpack-3.2.6/lib/action_view/template.rb:297:in `module_eval'
/Users/noshaf/.rvm/gems/ruby-1.9.3-p194/gems/actionpack-3.2.6/lib/action_view/template.rb:297:in `compile'
/Users/noshaf/.rvm/gems/ruby-1.9.3-p194/gems/actionpack-3.2.6/lib/action_view/template.rb:244:in `block in compile!'
<internal:prelude>:10:in `synchronize'
/Users/noshaf/.rvm/gems/ruby-1.9.3-p194/gems/actionpack-3.2.6/lib/action_view/template.rb:232:in `compile!'
/Users/noshaf/.rvm/gems/ruby-1.9.3-p194/gems/actionpack-3.2.6/lib/action_view/template.rb:144:in `block in render'
/Users/noshaf/.rvm/gems/ruby-1.9.3-p194/gems/activesupport-3.2.6/lib/active_support/notifications.rb:125:in `instrument'
/Users/noshaf/.rvm/gems/ruby-1.9.3-p194/gems/actionpack-3.2.6/lib/action_view/template.rb:143:in `render'
/Users/noshaf/.rvm/gems/ruby-1.9.3-p194/gems/actionpack-3.2.6/lib/action_view/renderer/template_renderer.rb:47:in `block (2 levels) in render_template'
/Users/noshaf/.rvm/gems/ruby-1.9.3-p194/gems/actionpack-3.2.6/lib/action_view/renderer/abstract_renderer.rb:38:in `block in instrument'
/Users/noshaf/.rvm/gems/ruby-1.9.3-p194/gems/activesupport-3.2.6/lib/active_support/notifications.rb:123:in `block in instrument'
/Users/noshaf/.rvm/gems/ruby-1.9.3-p194/gems/activesupport-3.2.6/lib/active_support/notifications/instrumenter.rb:20:in `instrument'
/Users/noshaf/.rvm/gems/ruby-1.9.3-p194/gems/activesupport-3.2.6/lib/active_support/notifications.rb:123:in `instrument'
/Users/noshaf/.rvm/gems/ruby-1.9.3-p194/gems/actionpack-3.2.6/lib/action_view/renderer/abstract_renderer.rb:38:in `instrument'
/Users/noshaf/.rvm/gems/ruby-1.9.3-p194/gems/actionpack-3.2.6/lib/action_view/renderer/template_renderer.rb:46:in `block in render_template'
/Users/noshaf/.rvm/gems/ruby-1.9.3-p194/gems/actionpack-3.2.6/lib/action_view/renderer/template_renderer.rb:54:in `render_with_layout'
/Users/noshaf/.rvm/gems/ruby-1.9.3-p194/gems/actionpack-3.2.6/lib/action_view/renderer/template_renderer.rb:45:in `render_template'
/Users/noshaf/.rvm/gems/ruby-1.9.3-p194/gems/actionpack-3.2.6/lib/action_view/renderer/template_renderer.rb:18:in `render'
/Users/noshaf/.rvm/gems/ruby-1.9.3-p194/gems/actionpack-3.2.6/lib/action_view/renderer/renderer.rb:36:in `render_template'
/Users/noshaf/.rvm/gems/ruby-1.9.3-p194/gems/actionpack-3.2.6/lib/action_view/renderer/renderer.rb:17:in `render'
/Users/noshaf/.rvm/gems/ruby-1.9.3-p194/gems/actionpack-3.2.6/lib/abstract_controller/rendering.rb:110:in `_render_template'
/Users/noshaf/.rvm/gems/ruby-1.9.3-p194/gems/actionpack-3.2.6/lib/action_controller/metal/streaming.rb:225:in `_render_template'
/Users/noshaf/.rvm/gems/ruby-1.9.3-p194/gems/actionpack-3.2.6/lib/abstract_controller/rendering.rb:103:in `render_to_body'
/Users/noshaf/.rvm/gems/ruby-1.9.3-p194/gems/actionpack-3.2.6/lib/action_controller/metal/renderers.rb:28:in `render_to_body'
/Users/noshaf/.rvm/gems/ruby-1.9.3-p194/gems/actionpack-3.2.6/lib/action_controller/metal/compatibility.rb:50:in `render_to_body'
/Users/noshaf/.rvm/gems/ruby-1.9.3-p194/gems/actionpack-3.2.6/lib/abstract_controller/rendering.rb:88:in `render'
/Users/noshaf/.rvm/gems/ruby-1.9.3-p194/gems/actionpack-3.2.6/lib/action_controller/metal/rendering.rb:16:in `render'
/Users/noshaf/.rvm/gems/ruby-1.9.3-p194/gems/actionpack-3.2.6/lib/action_controller/metal/instrumentation.rb:40:in `block (2 levels) in render'
/Users/noshaf/.rvm/gems/ruby-1.9.3-p194/gems/activesupport-3.2.6/lib/active_support/core_ext/benchmark.rb:5:in `block in ms'
/Users/noshaf/.rvm/rubies/ruby-1.9.3-p194/lib/ruby/1.9.1/benchmark.rb:295:in `realtime'
/Users/noshaf/.rvm/gems/ruby-1.9.3-p194/gems/activesupport-3.2.6/lib/active_support/core_ext/benchmark.rb:5:in `ms'
/Users/noshaf/.rvm/gems/ruby-1.9.3-p194/gems/actionpack-3.2.6/lib/action_controller/metal/instrumentation.rb:40:in `block in render'
/Users/noshaf/.rvm/gems/ruby-1.9.3-p194/gems/actionpack-3.2.6/lib/action_controller/metal/instrumentation.rb:83:in `cleanup_view_runtime'
/Users/noshaf/.rvm/gems/ruby-1.9.3-p194/gems/activerecord-3.2.6/lib/active_record/railties/controller_runtime.rb:24:in `cleanup_view_runtime'
/Users/noshaf/.rvm/gems/ruby-1.9.3-p194/gems/actionpack-3.2.6/lib/action_controller/metal/instrumentation.rb:39:in `render'
/Users/noshaf/.rvm/gems/ruby-1.9.3-p194/gems/actionpack-3.2.6/lib/action_controller/metal/implicit_render.rb:10:in `default_render'
/Users/noshaf/.rvm/gems/ruby-1.9.3-p194/gems/actionpack-3.2.6/lib/action_controller/metal/implicit_render.rb:5:in `send_action'
/Users/noshaf/.rvm/gems/ruby-1.9.3-p194/gems/actionpack-3.2.6/lib/abstract_controller/base.rb:167:in `process_action'
/Users/noshaf/.rvm/gems/ruby-1.9.3-p194/gems/actionpack-3.2.6/lib/action_controller/metal/rendering.rb:10:in `process_action'
/Users/noshaf/.rvm/gems/ruby-1.9.3-p194/gems/actionpack-3.2.6/lib/abstract_controller/callbacks.rb:18:in `block in process_action'
/Users/noshaf/.rvm/gems/ruby-1.9.3-p194/gems/activesupport-3.2.6/lib/active_support/callbacks.rb:414:in `_run__2817333242389843516__process_action__1718299697401683818__callbacks'
/Users/noshaf/.rvm/gems/ruby-1.9.3-p194/gems/activesupport-3.2.6/lib/active_support/callbacks.rb:405:in `__run_callback'
/Users/noshaf/.rvm/gems/ruby-1.9.3-p194/gems/activesupport-3.2.6/lib/active_support/callbacks.rb:385:in `_run_process_action_callbacks'
/Users/noshaf/.rvm/gems/ruby-1.9.3-p194/gems/activesupport-3.2.6/lib/active_support/callbacks.rb:81:in `run_callbacks'
/Users/noshaf/.rvm/gems/ruby-1.9.3-p194/gems/actionpack-3.2.6/lib/abstract_controller/callbacks.rb:17:in `process_action'
/Users/noshaf/.rvm/gems/ruby-1.9.3-p194/gems/actionpack-3.2.6/lib/action_controller/metal/rescue.rb:29:in `process_action'
/Users/noshaf/.rvm/gems/ruby-1.9.3-p194/gems/actionpack-3.2.6/lib/action_controller/metal/instrumentation.rb:30:in `block in process_action'
/Users/noshaf/.rvm/gems/ruby-1.9.3-p194/gems/activesupport-3.2.6/lib/active_support/notifications.rb:123:in `block in instrument'
/Users/noshaf/.rvm/gems/ruby-1.9.3-p194/gems/activesupport-3.2.6/lib/active_support/notifications/instrumenter.rb:20:in `instrument'
/Users/noshaf/.rvm/gems/ruby-1.9.3-p194/gems/activesupport-3.2.6/lib/active_support/notifications.rb:123:in `instrument'
/Users/noshaf/.rvm/gems/ruby-1.9.3-p194/gems/actionpack-3.2.6/lib/action_controller/metal/instrumentation.rb:29:in `process_action'
/Users/noshaf/.rvm/gems/ruby-1.9.3-p194/gems/actionpack-3.2.6/lib/action_controller/metal/params_wrapper.rb:206:in `process_action'
/Users/noshaf/.rvm/gems/ruby-1.9.3-p194/gems/activerecord-3.2.6/lib/active_record/railties/controller_runtime.rb:18:in `process_action'
/Users/noshaf/.rvm/gems/ruby-1.9.3-p194/gems/actionpack-3.2.6/lib/abstract_controller/base.rb:121:in `process'
/Users/noshaf/.rvm/gems/ruby-1.9.3-p194/gems/actionpack-3.2.6/lib/abstract_controller/rendering.rb:45:in `process'
/Users/noshaf/.rvm/gems/ruby-1.9.3-p194/gems/actionpack-3.2.6/lib/action_controller/metal.rb:203:in `dispatch'
/Users/noshaf/.rvm/gems/ruby-1.9.3-p194/gems/actionpack-3.2.6/lib/action_controller/metal/rack_delegation.rb:14:in `dispatch'
/Users/noshaf/.rvm/gems/ruby-1.9.3-p194/gems/actionpack-3.2.6/lib/action_controller/metal.rb:246:in `block in action'
/Users/noshaf/.rvm/gems/ruby-1.9.3-p194/gems/actionpack-3.2.6/lib/action_dispatch/routing/route_set.rb:73:in `call'
/Users/noshaf/.rvm/gems/ruby-1.9.3-p194/gems/actionpack-3.2.6/lib/action_dispatch/routing/route_set.rb:73:in `dispatch'
/Users/noshaf/.rvm/gems/ruby-1.9.3-p194/gems/actionpack-3.2.6/lib/action_dispatch/routing/route_set.rb:36:in `call'
/Users/noshaf/.rvm/gems/ruby-1.9.3-p194/gems/journey-1.0.4/lib/journey/router.rb:68:in `block in call'
/Users/noshaf/.rvm/gems/ruby-1.9.3-p194/gems/journey-1.0.4/lib/journey/router.rb:56:in `each'
/Users/noshaf/.rvm/gems/ruby-1.9.3-p194/gems/journey-1.0.4/lib/journey/router.rb:56:in `call'
/Users/noshaf/.rvm/gems/ruby-1.9.3-p194/gems/actionpack-3.2.6/lib/action_dispatch/routing/route_set.rb:600:in `call'
/Users/noshaf/.rvm/gems/ruby-1.9.3-p194/gems/actionpack-3.2.6/lib/action_dispatch/middleware/best_standards_support.rb:17:in `call'
/Users/noshaf/.rvm/gems/ruby-1.9.3-p194/gems/rack-1.4.1/lib/rack/etag.rb:23:in `call'
/Users/noshaf/.rvm/gems/ruby-1.9.3-p194/gems/rack-1.4.1/lib/rack/conditionalget.rb:25:in `call'
/Users/noshaf/.rvm/gems/ruby-1.9.3-p194/gems/actionpack-3.2.6/lib/action_dispatch/middleware/head.rb:14:in `call'
/Users/noshaf/.rvm/gems/ruby-1.9.3-p194/gems/actionpack-3.2.6/lib/action_dispatch/middleware/params_parser.rb:21:in `call'
/Users/noshaf/.rvm/gems/ruby-1.9.3-p194/gems/actionpack-3.2.6/lib/action_dispatch/middleware/flash.rb:242:in `call'
/Users/noshaf/.rvm/gems/ruby-1.9.3-p194/gems/rack-1.4.1/lib/rack/session/abstract/id.rb:205:in `context'
/Users/noshaf/.rvm/gems/ruby-1.9.3-p194/gems/rack-1.4.1/lib/rack/session/abstract/id.rb:200:in `call'
/Users/noshaf/.rvm/gems/ruby-1.9.3-p194/gems/actionpack-3.2.6/lib/action_dispatch/middleware/cookies.rb:338:in `call'
/Users/noshaf/.rvm/gems/ruby-1.9.3-p194/gems/activerecord-3.2.6/lib/active_record/query_cache.rb:64:in `call'
/Users/noshaf/.rvm/gems/ruby-1.9.3-p194/gems/activerecord-3.2.6/lib/active_record/connection_adapters/abstract/connection_pool.rb:473:in `call'
/Users/noshaf/.rvm/gems/ruby-1.9.3-p194/gems/actionpack-3.2.6/lib/action_dispatch/middleware/callbacks.rb:28:in `block in call'
/Users/noshaf/.rvm/gems/ruby-1.9.3-p194/gems/activesupport-3.2.6/lib/active_support/callbacks.rb:405:in `_run__2556452292642828438__call__1391985518998193877__callbacks'
/Users/noshaf/.rvm/gems/ruby-1.9.3-p194/gems/activesupport-3.2.6/lib/active_support/callbacks.rb:405:in `__run_callback'
/Users/noshaf/.rvm/gems/ruby-1.9.3-p194/gems/activesupport-3.2.6/lib/active_support/callbacks.rb:385:in `_run_call_callbacks'
/Users/noshaf/.rvm/gems/ruby-1.9.3-p194/gems/activesupport-3.2.6/lib/active_support/callbacks.rb:81:in `run_callbacks'
/Users/noshaf/.rvm/gems/ruby-1.9.3-p194/gems/actionpack-3.2.6/lib/action_dispatch/middleware/callbacks.rb:27:in `call'
/Users/noshaf/.rvm/gems/ruby-1.9.3-p194/gems/actionpack-3.2.6/lib/action_dispatch/middleware/reloader.rb:65:in `call'
/Users/noshaf/.rvm/gems/ruby-1.9.3-p194/gems/actionpack-3.2.6/lib/action_dispatch/middleware/remote_ip.rb:31:in `call'
/Users/noshaf/.rvm/gems/ruby-1.9.3-p194/gems/actionpack-3.2.6/lib/action_dispatch/middleware/debug_exceptions.rb:16:in `call'
/Users/noshaf/.rvm/gems/ruby-1.9.3-p194/gems/actionpack-3.2.6/lib/action_dispatch/middleware/show_exceptions.rb:56:in `call'
/Users/noshaf/.rvm/gems/ruby-1.9.3-p194/gems/railties-3.2.6/lib/rails/rack/logger.rb:26:in `call_app'
/Users/noshaf/.rvm/gems/ruby-1.9.3-p194/gems/railties-3.2.6/lib/rails/rack/logger.rb:16:in `call'
/Users/noshaf/.rvm/gems/ruby-1.9.3-p194/gems/actionpack-3.2.6/lib/action_dispatch/middleware/request_id.rb:22:in `call'
/Users/noshaf/.rvm/gems/ruby-1.9.3-p194/gems/rack-1.4.1/lib/rack/methodoverride.rb:21:in `call'
/Users/noshaf/.rvm/gems/ruby-1.9.3-p194/gems/rack-1.4.1/lib/rack/runtime.rb:17:in `call'
/Users/noshaf/.rvm/gems/ruby-1.9.3-p194/gems/activesupport-3.2.6/lib/active_support/cache/strategy/local_cache.rb:72:in `call'
/Users/noshaf/.rvm/gems/ruby-1.9.3-p194/gems/rack-1.4.1/lib/rack/lock.rb:15:in `call'
/Users/noshaf/.rvm/gems/ruby-1.9.3-p194/gems/actionpack-3.2.6/lib/action_dispatch/middleware/static.rb:62:in `call'
/Users/noshaf/.rvm/gems/ruby-1.9.3-p194/gems/railties-3.2.6/lib/rails/engine.rb:479:in `call'
/Users/noshaf/.rvm/gems/ruby-1.9.3-p194/gems/railties-3.2.6/lib/rails/application.rb:220:in `call'
/Users/noshaf/.rvm/gems/ruby-1.9.3-p194/gems/rack-1.4.1/lib/rack/content_length.rb:14:in `call'
/Users/noshaf/.rvm/gems/ruby-1.9.3-p194/gems/railties-3.2.6/lib/rails/rack/log_tailer.rb:17:in `call'
/Users/noshaf/.rvm/gems/ruby-1.9.3-p194/gems/rack-1.4.1/lib/rack/handler/webrick.rb:59:in `service'
/Users/noshaf/.rvm/rubies/ruby-1.9.3-p194/lib/ruby/1.9.1/webrick/httpserver.rb:138:in `service'
/Users/noshaf/.rvm/rubies/ruby-1.9.3-p194/lib/ruby/1.9.1/webrick/httpserver.rb:94:in `run'
/Users/noshaf/.rvm/rubies/ruby-1.9.3-p194/lib/ruby/1.9.1/webrick/server.rb:191:in `block in start_thread'
  Rendered polls/new.html.erb within layouts/application (14.0ms)
Completed 500 Internal Server Error in 118ms

ActionView::Template::Error (/Users/noshaf/Desktop/DevBootcamp/Pollster/app/views/polls/new.html.erb:10: syntax error, unexpected keyword_ensure, expecting keyword_end
/Users/noshaf/Desktop/DevBootcamp/Pollster/app/views/polls/new.html.erb:12: syntax error, unexpected $end, expecting keyword_end):
    7: 	</div>
    8: </div>
  actionpack (3.2.6) lib/action_view/template.rb:297:in `module_eval'
  actionpack (3.2.6) lib/action_view/template.rb:297:in `compile'
  actionpack (3.2.6) lib/action_view/template.rb:244:in `block in compile!'
  <internal:prelude>:10:in `synchronize'
  actionpack (3.2.6) lib/action_view/template.rb:232:in `compile!'
  actionpack (3.2.6) lib/action_view/template.rb:144:in `block in render'
  activesupport (3.2.6) lib/active_support/notifications.rb:125:in `instrument'
  actionpack (3.2.6) lib/action_view/template.rb:143:in `render'
  actionpack (3.2.6) lib/action_view/renderer/template_renderer.rb:47:in `block (2 levels) in render_template'
  actionpack (3.2.6) lib/action_view/renderer/abstract_renderer.rb:38:in `block in instrument'
  activesupport (3.2.6) lib/active_support/notifications.rb:123:in `block in instrument'
  activesupport (3.2.6) lib/active_support/notifications/instrumenter.rb:20:in `instrument'
  activesupport (3.2.6) lib/active_support/notifications.rb:123:in `instrument'
  actionpack (3.2.6) lib/action_view/renderer/abstract_renderer.rb:38:in `instrument'
  actionpack (3.2.6) lib/action_view/renderer/template_renderer.rb:46:in `block in render_template'
  actionpack (3.2.6) lib/action_view/renderer/template_renderer.rb:54:in `render_with_layout'
  actionpack (3.2.6) lib/action_view/renderer/template_renderer.rb:45:in `render_template'
  actionpack (3.2.6) lib/action_view/renderer/template_renderer.rb:18:in `render'
  actionpack (3.2.6) lib/action_view/renderer/renderer.rb:36:in `render_template'
  actionpack (3.2.6) lib/action_view/renderer/renderer.rb:17:in `render'
  actionpack (3.2.6) lib/abstract_controller/rendering.rb:110:in `_render_template'
  actionpack (3.2.6) lib/action_controller/metal/streaming.rb:225:in `_render_template'
  actionpack (3.2.6) lib/abstract_controller/rendering.rb:103:in `render_to_body'
  actionpack (3.2.6) lib/action_controller/metal/renderers.rb:28:in `render_to_body'
  actionpack (3.2.6) lib/action_controller/metal/compatibility.rb:50:in `render_to_body'
  actionpack (3.2.6) lib/abstract_controller/rendering.rb:88:in `render'
  actionpack (3.2.6) lib/action_controller/metal/rendering.rb:16:in `render'
  actionpack (3.2.6) lib/action_controller/metal/instrumentation.rb:40:in `block (2 levels) in render'
  activesupport (3.2.6) lib/active_support/core_ext/benchmark.rb:5:in `block in ms'
  /Users/noshaf/.rvm/rubies/ruby-1.9.3-p194/lib/ruby/1.9.1/benchmark.rb:295:in `realtime'
  activesupport (3.2.6) lib/active_support/core_ext/benchmark.rb:5:in `ms'
  actionpack (3.2.6) lib/action_controller/metal/instrumentation.rb:40:in `block in render'
  actionpack (3.2.6) lib/action_controller/metal/instrumentation.rb:83:in `cleanup_view_runtime'
  activerecord (3.2.6) lib/active_record/railties/controller_runtime.rb:24:in `cleanup_view_runtime'
  actionpack (3.2.6) lib/action_controller/metal/instrumentation.rb:39:in `render'
  actionpack (3.2.6) lib/action_controller/metal/implicit_render.rb:10:in `default_render'
  actionpack (3.2.6) lib/action_controller/metal/implicit_render.rb:5:in `send_action'
  actionpack (3.2.6) lib/abstract_controller/base.rb:167:in `process_action'
  actionpack (3.2.6) lib/action_controller/metal/rendering.rb:10:in `process_action'
  actionpack (3.2.6) lib/abstract_controller/callbacks.rb:18:in `block in process_action'
  activesupport (3.2.6) lib/active_support/callbacks.rb:414:in `_run__2817333242389843516__process_action__1718299697401683818__callbacks'
  activesupport (3.2.6) lib/active_support/callbacks.rb:405:in `__run_callback'
  activesupport (3.2.6) lib/active_support/callbacks.rb:385:in `_run_process_action_callbacks'
  activesupport (3.2.6) lib/active_support/callbacks.rb:81:in `run_callbacks'
  actionpack (3.2.6) lib/abstract_controller/callbacks.rb:17:in `process_action'
  actionpack (3.2.6) lib/action_controller/metal/rescue.rb:29:in `process_action'
  actionpack (3.2.6) lib/action_controller/metal/instrumentation.rb:30:in `block in process_action'
  activesupport (3.2.6) lib/active_support/notifications.rb:123:in `block in instrument'
  activesupport (3.2.6) lib/active_support/notifications/instrumenter.rb:20:in `instrument'
  activesupport (3.2.6) lib/active_support/notifications.rb:123:in `instrument'
  actionpack (3.2.6) lib/action_controller/metal/instrumentation.rb:29:in `process_action'
  actionpack (3.2.6) lib/action_controller/metal/params_wrapper.rb:206:in `process_action'
  activerecord (3.2.6) lib/active_record/railties/controller_runtime.rb:18:in `process_action'
  actionpack (3.2.6) lib/abstract_controller/base.rb:121:in `process'
  actionpack (3.2.6) lib/abstract_controller/rendering.rb:45:in `process'
  actionpack (3.2.6) lib/action_controller/metal.rb:203:in `dispatch'
  actionpack (3.2.6) lib/action_controller/metal/rack_delegation.rb:14:in `dispatch'
  actionpack (3.2.6) lib/action_controller/metal.rb:246:in `block in action'
  actionpack (3.2.6) lib/action_dispatch/routing/route_set.rb:73:in `call'
  actionpack (3.2.6) lib/action_dispatch/routing/route_set.rb:73:in `dispatch'
  actionpack (3.2.6) lib/action_dispatch/routing/route_set.rb:36:in `call'
  journey (1.0.4) lib/journey/router.rb:68:in `block in call'
  journey (1.0.4) lib/journey/router.rb:56:in `each'
  journey (1.0.4) lib/journey/router.rb:56:in `call'
  actionpack (3.2.6) lib/action_dispatch/routing/route_set.rb:600:in `call'
  actionpack (3.2.6) lib/action_dispatch/middleware/best_standards_support.rb:17:in `call'
  rack (1.4.1) lib/rack/etag.rb:23:in `call'
  rack (1.4.1) lib/rack/conditionalget.rb:25:in `call'
  actionpack (3.2.6) lib/action_dispatch/middleware/head.rb:14:in `call'
  actionpack (3.2.6) lib/action_dispatch/middleware/params_parser.rb:21:in `call'
  actionpack (3.2.6) lib/action_dispatch/middleware/flash.rb:242:in `call'
  rack (1.4.1) lib/rack/session/abstract/id.rb:205:in `context'
  rack (1.4.1) lib/rack/session/abstract/id.rb:200:in `call'
  actionpack (3.2.6) lib/action_dispatch/middleware/cookies.rb:338:in `call'
  activerecord (3.2.6) lib/active_record/query_cache.rb:64:in `call'
  activerecord (3.2.6) lib/active_record/connection_adapters/abstract/connection_pool.rb:473:in `call'
  actionpack (3.2.6) lib/action_dispatch/middleware/callbacks.rb:28:in `block in call'
  activesupport (3.2.6) lib/active_support/callbacks.rb:405:in `_run__2556452292642828438__call__1391985518998193877__callbacks'
  activesupport (3.2.6) lib/active_support/callbacks.rb:405:in `__run_callback'
  activesupport (3.2.6) lib/active_support/callbacks.rb:385:in `_run_call_callbacks'
  activesupport (3.2.6) lib/active_support/callbacks.rb:81:in `run_callbacks'
  actionpack (3.2.6) lib/action_dispatch/middleware/callbacks.rb:27:in `call'
  actionpack (3.2.6) lib/action_dispatch/middleware/reloader.rb:65:in `call'
  actionpack (3.2.6) lib/action_dispatch/middleware/remote_ip.rb:31:in `call'
  actionpack (3.2.6) lib/action_dispatch/middleware/debug_exceptions.rb:16:in `call'
  actionpack (3.2.6) lib/action_dispatch/middleware/show_exceptions.rb:56:in `call'
  railties (3.2.6) lib/rails/rack/logger.rb:26:in `call_app'
  railties (3.2.6) lib/rails/rack/logger.rb:16:in `call'
  actionpack (3.2.6) lib/action_dispatch/middleware/request_id.rb:22:in `call'
  rack (1.4.1) lib/rack/methodoverride.rb:21:in `call'
  rack (1.4.1) lib/rack/runtime.rb:17:in `call'
  activesupport (3.2.6) lib/active_support/cache/strategy/local_cache.rb:72:in `call'
  rack (1.4.1) lib/rack/lock.rb:15:in `call'
  actionpack (3.2.6) lib/action_dispatch/middleware/static.rb:62:in `call'
  railties (3.2.6) lib/rails/engine.rb:479:in `call'
  railties (3.2.6) lib/rails/application.rb:220:in `call'
  rack (1.4.1) lib/rack/content_length.rb:14:in `call'
  railties (3.2.6) lib/rails/rack/log_tailer.rb:17:in `call'
  rack (1.4.1) lib/rack/handler/webrick.rb:59:in `service'
  /Users/noshaf/.rvm/rubies/ruby-1.9.3-p194/lib/ruby/1.9.1/webrick/httpserver.rb:138:in `service'
  /Users/noshaf/.rvm/rubies/ruby-1.9.3-p194/lib/ruby/1.9.1/webrick/httpserver.rb:94:in `run'
  /Users/noshaf/.rvm/rubies/ruby-1.9.3-p194/lib/ruby/1.9.1/webrick/server.rb:191:in `block in start_thread'


  Rendered /Users/noshaf/.rvm/gems/ruby-1.9.3-p194/gems/actionpack-3.2.6/lib/action_dispatch/middleware/templates/rescues/_trace.erb (3.4ms)
  Rendered /Users/noshaf/.rvm/gems/ruby-1.9.3-p194/gems/actionpack-3.2.6/lib/action_dispatch/middleware/templates/rescues/_request_and_response.erb (0.8ms)
  Rendered /Users/noshaf/.rvm/gems/ruby-1.9.3-p194/gems/actionpack-3.2.6/lib/action_dispatch/middleware/templates/rescues/template_error.erb within rescues/layout (12.7ms)


Started GET "/polls/new" for 127.0.0.1 at 2012-07-30 11:21:43 -0700
Processing by PollsController#new as HTML
  Rendered polls/new.html.erb within layouts/application (70.6ms)
Completed 200 OK in 77ms (Views: 76.6ms | ActiveRecord: 0.0ms)


Started GET "/assets/application.css?body=1" for 127.0.0.1 at 2012-07-30 11:21:43 -0700
Served asset /application.css - 304 Not Modified (0ms)


Started GET "/assets/bootstrap_and_overrides.css?body=1" for 127.0.0.1 at 2012-07-30 11:21:43 -0700
Served asset /bootstrap_and_overrides.css - 304 Not Modified (0ms)


Started GET "/assets/polls.js?body=1" for 127.0.0.1 at 2012-07-30 11:21:43 -0700
Served asset /polls.js - 304 Not Modified (0ms)


Started GET "/assets/polls.css?body=1" for 127.0.0.1 at 2012-07-30 11:21:43 -0700
Served asset /polls.css - 304 Not Modified (0ms)


Started GET "/assets/jquery.js?body=1" for 127.0.0.1 at 2012-07-30 11:21:43 -0700
Served asset /jquery.js - 304 Not Modified (0ms)


Started GET "/assets/jquery_ujs.js?body=1" for 127.0.0.1 at 2012-07-30 11:21:43 -0700
Served asset /jquery_ujs.js - 304 Not Modified (0ms)


Started GET "/assets/application.js?body=1" for 127.0.0.1 at 2012-07-30 11:21:43 -0700
Served asset /application.js - 304 Not Modified (0ms)


Started GET "/assets/jquery_ujs.js?body=1" for 127.0.0.1 at 2012-07-30 11:21:43 -0700
Served asset /jquery_ujs.js - 304 Not Modified (0ms)


Started GET "/assets/polls.js?body=1" for 127.0.0.1 at 2012-07-30 11:21:43 -0700
Served asset /polls.js - 304 Not Modified (0ms)


Started GET "/assets/application.js?body=1" for 127.0.0.1 at 2012-07-30 11:21:43 -0700
Served asset /application.js - 304 Not Modified (0ms)


Started GET "/polls/new" for 127.0.0.1 at 2012-07-30 11:21:54 -0700
Processing by PollsController#new as HTML
  Rendered polls/new.html.erb within layouts/application (2.0ms)
Completed 200 OK in 7ms (Views: 6.6ms | ActiveRecord: 0.0ms)


Started GET "/assets/application.css?body=1" for 127.0.0.1 at 2012-07-30 11:21:54 -0700
Served asset /application.css - 304 Not Modified (0ms)


Started GET "/assets/bootstrap_and_overrides.css?body=1" for 127.0.0.1 at 2012-07-30 11:21:54 -0700
Served asset /bootstrap_and_overrides.css - 304 Not Modified (0ms)


Started GET "/assets/polls.css?body=1" for 127.0.0.1 at 2012-07-30 11:21:54 -0700
Served asset /polls.css - 304 Not Modified (0ms)


Started GET "/assets/jquery.js?body=1" for 127.0.0.1 at 2012-07-30 11:21:54 -0700
Served asset /jquery.js - 304 Not Modified (0ms)


Started GET "/assets/jquery_ujs.js?body=1" for 127.0.0.1 at 2012-07-30 11:21:54 -0700
Served asset /jquery_ujs.js - 304 Not Modified (0ms)


Started GET "/assets/polls.js?body=1" for 127.0.0.1 at 2012-07-30 11:21:54 -0700
Served asset /polls.js - 304 Not Modified (0ms)


Started GET "/assets/application.js?body=1" for 127.0.0.1 at 2012-07-30 11:21:54 -0700
Served asset /application.js - 304 Not Modified (0ms)


Started POST "/polls" for 127.0.0.1 at 2012-07-30 11:22:05 -0700
Processing by PollsController#create as HTML
  Parameters: {"utf8"=>"✓", "authenticity_token"=>"ZrYfl31+sg7o0g/h6zHpUPzXfj9JscEkrdRuxMyg3CY=", "poll"=>{"name"=>"Cole World"}, "commit"=>"Create Poll"}
  [1m[36m (0.1ms)[0m  [1mbegin transaction[0m
  [1m[35mSQL (73.7ms)[0m  INSERT INTO "polls" ("created_at", "link", "name", "updated_at") VALUES (?, ?, ?, ?)  [["created_at", Mon, 30 Jul 2012 18:22:05 UTC +00:00], ["link", nil], ["name", "Cole World"], ["updated_at", Mon, 30 Jul 2012 18:22:05 UTC +00:00]]
  [1m[36m (1.5ms)[0m  [1mcommit transaction[0m
Completed 500 Internal Server Error in 81ms

NoMethodError (undefined method `party_path' for #<PollsController:0x007fb87e292ac8>):
  app/controllers/polls_controller.rb:9:in `create'


  Rendered /Users/noshaf/.rvm/gems/ruby-1.9.3-p194/gems/actionpack-3.2.6/lib/action_dispatch/middleware/templates/rescues/_trace.erb (2.2ms)
  Rendered /Users/noshaf/.rvm/gems/ruby-1.9.3-p194/gems/actionpack-3.2.6/lib/action_dispatch/middleware/templates/rescues/_request_and_response.erb (0.8ms)
  Rendered /Users/noshaf/.rvm/gems/ruby-1.9.3-p194/gems/actionpack-3.2.6/lib/action_dispatch/middleware/templates/rescues/diagnostics.erb within rescues/layout (7.8ms)


Started POST "/polls" for 127.0.0.1 at 2012-07-30 11:22:23 -0700
Processing by PollsController#create as HTML
  Parameters: {"utf8"=>"✓", "authenticity_token"=>"ZrYfl31+sg7o0g/h6zHpUPzXfj9JscEkrdRuxMyg3CY=", "poll"=>{"name"=>"Cole World"}, "commit"=>"Create Poll"}
  [1m[35m (0.1ms)[0m  begin transaction
  [1m[36mSQL (0.4ms)[0m  [1mINSERT INTO "polls" ("created_at", "link", "name", "updated_at") VALUES (?, ?, ?, ?)[0m  [["created_at", Mon, 30 Jul 2012 18:22:23 UTC +00:00], ["link", nil], ["name", "Cole World"], ["updated_at", Mon, 30 Jul 2012 18:22:23 UTC +00:00]]
  [1m[35m (16.2ms)[0m  commit transaction
Completed 500 Internal Server Error in 26ms

ActionController::RoutingError (No route matches {:action=>"show", :controller=>"polls", :id=>nil}):
  app/controllers/polls_controller.rb:9:in `create'


  Rendered /Users/noshaf/.rvm/gems/ruby-1.9.3-p194/gems/actionpack-3.2.6/lib/action_dispatch/middleware/templates/rescues/routing_error.erb within rescues/layout (0.9ms)


Started GET "/assets/application.css?body=1" for 127.0.0.1 at 2012-07-30 11:22:41 -0700
Served asset /application.css - 304 Not Modified (0ms)


Started GET "/assets/bootstrap_and_overrides.css?body=1" for 127.0.0.1 at 2012-07-30 11:22:41 -0700
Served asset /bootstrap_and_overrides.css - 304 Not Modified (0ms)


Started GET "/assets/jquery.js?body=1" for 127.0.0.1 at 2012-07-30 11:22:41 -0700
Served asset /jquery.js - 304 Not Modified (0ms)


Started GET "/assets/jquery_ujs.js?body=1" for 127.0.0.1 at 2012-07-30 11:22:41 -0700
Served asset /jquery_ujs.js - 304 Not Modified (0ms)


Started GET "/assets/polls.js?body=1" for 127.0.0.1 at 2012-07-30 11:22:41 -0700
Served asset /polls.js - 304 Not Modified (0ms)


Started GET "/assets/application.js?body=1" for 127.0.0.1 at 2012-07-30 11:22:41 -0700
Served asset /application.js - 304 Not Modified (0ms)


Started POST "/polls" for 127.0.0.1 at 2012-07-30 11:22:42 -0700
Processing by PollsController#create as HTML
  Parameters: {"utf8"=>"✓", "authenticity_token"=>"ZrYfl31+sg7o0g/h6zHpUPzXfj9JscEkrdRuxMyg3CY=", "poll"=>{"name"=>"Cole World"}, "commit"=>"Create Poll"}
  [1m[36m (0.0ms)[0m  [1mbegin transaction[0m
  [1m[35mSQL (0.4ms)[0m  INSERT INTO "polls" ("created_at", "link", "name", "updated_at") VALUES (?, ?, ?, ?)  [["created_at", Mon, 30 Jul 2012 18:22:42 UTC +00:00], ["link", nil], ["name", "Cole World"], ["updated_at", Mon, 30 Jul 2012 18:22:42 UTC +00:00]]
  [1m[36m (2.0ms)[0m  [1mcommit transaction[0m
Completed 500 Internal Server Error in 11ms

ActionController::RoutingError (No route matches {:action=>"show", :controller=>"polls", :id=>nil}):
  app/controllers/polls_controller.rb:9:in `create'


  Rendered /Users/noshaf/.rvm/gems/ruby-1.9.3-p194/gems/actionpack-3.2.6/lib/action_dispatch/middleware/templates/rescues/routing_error.erb within rescues/layout (0.6ms)


Started POST "/polls" for 127.0.0.1 at 2012-07-30 11:23:14 -0700
Processing by PollsController#create as HTML
  Parameters: {"utf8"=>"✓", "authenticity_token"=>"ZrYfl31+sg7o0g/h6zHpUPzXfj9JscEkrdRuxMyg3CY=", "poll"=>{"name"=>"Cole World"}, "commit"=>"Create Poll"}
  [1m[35m (0.1ms)[0m  begin transaction
  [1m[36mSQL (0.4ms)[0m  [1mINSERT INTO "polls" ("created_at", "link", "name", "updated_at") VALUES (?, ?, ?, ?)[0m  [["created_at", Mon, 30 Jul 2012 18:23:14 UTC +00:00], ["link", nil], ["name", "Cole World"], ["updated_at", Mon, 30 Jul 2012 18:23:14 UTC +00:00]]
  [1m[35m (1.4ms)[0m  commit transaction
Redirected to http://localhost:3000/polls/4
Completed 302 Found in 9ms (ActiveRecord: 2.3ms)


Started GET "/polls/4" for 127.0.0.1 at 2012-07-30 11:23:14 -0700
Processing by PollsController#show as HTML
  Parameters: {"id"=>"4"}
  [1m[36mPoll Load (0.2ms)[0m  [1mSELECT "polls".* FROM "polls" WHERE "polls"."id" = ? LIMIT 1[0m  [["id", "4"]]
  Rendered polls/show.html.erb within layouts/application (0.3ms)
Completed 200 OK in 7ms (Views: 5.2ms | ActiveRecord: 0.2ms)


Started GET "/assets/application.css?body=1" for 127.0.0.1 at 2012-07-30 11:23:14 -0700
Served asset /application.css - 304 Not Modified (0ms)


Started GET "/assets/bootstrap_and_overrides.css?body=1" for 127.0.0.1 at 2012-07-30 11:23:14 -0700
Served asset /bootstrap_and_overrides.css - 304 Not Modified (0ms)


Started GET "/assets/polls.css?body=1" for 127.0.0.1 at 2012-07-30 11:23:14 -0700
Served asset /polls.css - 304 Not Modified (0ms)


Started GET "/assets/jquery.js?body=1" for 127.0.0.1 at 2012-07-30 11:23:14 -0700
Served asset /jquery.js - 304 Not Modified (0ms)


Started GET "/assets/jquery_ujs.js?body=1" for 127.0.0.1 at 2012-07-30 11:23:14 -0700
Served asset /jquery_ujs.js - 304 Not Modified (0ms)


Started GET "/assets/polls.js?body=1" for 127.0.0.1 at 2012-07-30 11:23:14 -0700
Served asset /polls.js - 304 Not Modified (0ms)


Started GET "/assets/application.js?body=1" for 127.0.0.1 at 2012-07-30 11:23:14 -0700
Served asset /application.js - 304 Not Modified (0ms)


Started GET "/polls/4" for 127.0.0.1 at 2012-07-30 11:29:14 -0700
Processing by PollsController#show as HTML
  Parameters: {"id"=>"4"}
  [1m[35mPoll Load (0.1ms)[0m  SELECT "polls".* FROM "polls" WHERE "polls"."id" = ? LIMIT 1  [["id", "4"]]
  Rendered polls/show.html.erb within layouts/application (0.0ms)
Completed 500 Internal Server Error in 16ms

ActionView::Template::Error (undefined local variable or method `root_view' for #<#<Class:0x007fb87e504f40>:0x007fb87bad5350>):
    25: 			    <!-- Everything you want hidden at 940px or less, place within here -->
    26: 			    <div class="nav-collapse">
    27: 					<ul class ="nav">
    28: 						<li><%= link_to "Home", root_view %> </li>
    29: 						<li><%= link_to "Create Poll", new_poll_path %> </li>
    30: 					</ul>
    31: 			    <!-- .nav, .navbar-search, .navbar-form, etc -->
  app/views/layouts/application.html.erb:28:in `_app_views_layouts_application_html_erb___3787810201015605564_70215191035520'


  Rendered /Users/noshaf/.rvm/gems/ruby-1.9.3-p194/gems/actionpack-3.2.6/lib/action_dispatch/middleware/templates/rescues/_trace.erb (2.6ms)
  Rendered /Users/noshaf/.rvm/gems/ruby-1.9.3-p194/gems/actionpack-3.2.6/lib/action_dispatch/middleware/templates/rescues/_request_and_response.erb (0.8ms)
  Rendered /Users/noshaf/.rvm/gems/ruby-1.9.3-p194/gems/actionpack-3.2.6/lib/action_dispatch/middleware/templates/rescues/template_error.erb within rescues/layout (8.2ms)


Started GET "/polls/4" for 127.0.0.1 at 2012-07-30 11:29:32 -0700
Processing by PollsController#show as HTML
  Parameters: {"id"=>"4"}
  [1m[36mPoll Load (0.1ms)[0m  [1mSELECT "polls".* FROM "polls" WHERE "polls"."id" = ? LIMIT 1[0m  [["id", "4"]]
  Rendered polls/show.html.erb within layouts/application (0.1ms)
Completed 200 OK in 6ms (Views: 4.8ms | ActiveRecord: 0.1ms)


Started GET "/assets/application.css?body=1" for 127.0.0.1 at 2012-07-30 11:29:32 -0700
Served asset /application.css - 304 Not Modified (0ms)


Started GET "/assets/polls.css?body=1" for 127.0.0.1 at 2012-07-30 11:29:32 -0700
Served asset /polls.css - 304 Not Modified (0ms)


Started GET "/assets/bootstrap_and_overrides.css?body=1" for 127.0.0.1 at 2012-07-30 11:29:32 -0700
Served asset /bootstrap_and_overrides.css - 304 Not Modified (0ms)


Started GET "/assets/jquery.js?body=1" for 127.0.0.1 at 2012-07-30 11:29:32 -0700
Served asset /jquery.js - 304 Not Modified (0ms)


Started GET "/assets/jquery_ujs.js?body=1" for 127.0.0.1 at 2012-07-30 11:29:32 -0700
Served asset /jquery_ujs.js - 304 Not Modified (0ms)


Started GET "/assets/polls.js?body=1" for 127.0.0.1 at 2012-07-30 11:29:32 -0700
Served asset /polls.js - 304 Not Modified (0ms)


Started GET "/assets/application.js?body=1" for 127.0.0.1 at 2012-07-30 11:29:32 -0700
Served asset /application.js - 304 Not Modified (0ms)


Started GET "/polls" for 127.0.0.1 at 2012-07-30 11:29:34 -0700
Processing by PollsController#index as HTML
  Rendered polls/index.html.erb within layouts/application (0.0ms)
Completed 200 OK in 7ms (Views: 6.2ms | ActiveRecord: 0.0ms)


Started GET "/assets/application.css?body=1" for 127.0.0.1 at 2012-07-30 11:29:34 -0700
Served asset /application.css - 304 Not Modified (0ms)


Started GET "/assets/polls.css?body=1" for 127.0.0.1 at 2012-07-30 11:29:34 -0700
Served asset /polls.css - 304 Not Modified (0ms)


Started GET "/assets/bootstrap_and_overrides.css?body=1" for 127.0.0.1 at 2012-07-30 11:29:34 -0700
Served asset /bootstrap_and_overrides.css - 304 Not Modified (0ms)


Started GET "/assets/jquery_ujs.js?body=1" for 127.0.0.1 at 2012-07-30 11:29:34 -0700
Served asset /jquery_ujs.js - 304 Not Modified (0ms)


Started GET "/assets/polls.js?body=1" for 127.0.0.1 at 2012-07-30 11:29:34 -0700
Served asset /polls.js - 304 Not Modified (0ms)


Started GET "/assets/jquery.js?body=1" for 127.0.0.1 at 2012-07-30 11:29:34 -0700
Served asset /jquery.js - 304 Not Modified (0ms)


Started GET "/assets/application.js?body=1" for 127.0.0.1 at 2012-07-30 11:29:34 -0700
Served asset /application.js - 304 Not Modified (0ms)


Started GET "/polls/new" for 127.0.0.1 at 2012-07-30 11:29:38 -0700
Processing by PollsController#new as HTML
  Rendered polls/new.html.erb within layouts/application (1.8ms)
Completed 200 OK in 7ms (Views: 6.5ms | ActiveRecord: 0.0ms)


Started GET "/assets/application.css?body=1" for 127.0.0.1 at 2012-07-30 11:29:38 -0700
Served asset /application.css - 304 Not Modified (0ms)


Started GET "/assets/polls.css?body=1" for 127.0.0.1 at 2012-07-30 11:29:38 -0700
Served asset /polls.css - 304 Not Modified (0ms)


Started GET "/assets/bootstrap_and_overrides.css?body=1" for 127.0.0.1 at 2012-07-30 11:29:38 -0700
Served asset /bootstrap_and_overrides.css - 304 Not Modified (0ms)


Started GET "/assets/jquery.js?body=1" for 127.0.0.1 at 2012-07-30 11:29:38 -0700
Served asset /jquery.js - 304 Not Modified (0ms)


Started GET "/assets/jquery_ujs.js?body=1" for 127.0.0.1 at 2012-07-30 11:29:38 -0700
Served asset /jquery_ujs.js - 304 Not Modified (0ms)


Started GET "/assets/polls.js?body=1" for 127.0.0.1 at 2012-07-30 11:29:38 -0700
Served asset /polls.js - 304 Not Modified (0ms)


Started GET "/assets/application.js?body=1" for 127.0.0.1 at 2012-07-30 11:29:38 -0700
Served asset /application.js - 304 Not Modified (0ms)


Started GET "/polls" for 127.0.0.1 at 2012-07-30 11:29:50 -0700
Processing by PollsController#index as HTML
  Rendered polls/index.html.erb within layouts/application (0.0ms)
Completed 200 OK in 4ms (Views: 4.2ms | ActiveRecord: 0.0ms)


Started GET "/assets/polls.css?body=1" for 127.0.0.1 at 2012-07-30 11:29:50 -0700
Served asset /polls.css - 304 Not Modified (0ms)


Started GET "/assets/application.css?body=1" for 127.0.0.1 at 2012-07-30 11:29:50 -0700
Served asset /application.css - 304 Not Modified (0ms)


Started GET "/assets/bootstrap_and_overrides.css?body=1" for 127.0.0.1 at 2012-07-30 11:29:50 -0700
Served asset /bootstrap_and_overrides.css - 304 Not Modified (0ms)


Started GET "/assets/jquery.js?body=1" for 127.0.0.1 at 2012-07-30 11:29:50 -0700
Served asset /jquery.js - 304 Not Modified (0ms)


Started GET "/assets/jquery_ujs.js?body=1" for 127.0.0.1 at 2012-07-30 11:29:50 -0700
Served asset /jquery_ujs.js - 304 Not Modified (0ms)


Started GET "/assets/polls.js?body=1" for 127.0.0.1 at 2012-07-30 11:29:50 -0700
Served asset /polls.js - 304 Not Modified (0ms)


Started GET "/assets/application.js?body=1" for 127.0.0.1 at 2012-07-30 11:29:50 -0700
Served asset /application.js - 304 Not Modified (0ms)


Started GET "/polls" for 127.0.0.1 at 2012-07-30 11:33:18 -0700
Processing by PollsController#index as HTML
  Rendered polls/index.html.erb within layouts/application (0.0ms)
Completed 200 OK in 5ms (Views: 4.5ms | ActiveRecord: 0.0ms)


Started GET "/assets/application.css?body=1" for 127.0.0.1 at 2012-07-30 11:33:18 -0700
Served asset /application.css - 304 Not Modified (0ms)


Started GET "/assets/bootstrap_and_overrides.css?body=1" for 127.0.0.1 at 2012-07-30 11:33:18 -0700
Served asset /bootstrap_and_overrides.css - 304 Not Modified (0ms)


Started GET "/assets/jquery.js?body=1" for 127.0.0.1 at 2012-07-30 11:33:18 -0700
Served asset /jquery.js - 304 Not Modified (0ms)


Started GET "/assets/polls.css?body=1" for 127.0.0.1 at 2012-07-30 11:33:18 -0700
Served asset /polls.css - 304 Not Modified (0ms)


Started GET "/assets/jquery_ujs.js?body=1" for 127.0.0.1 at 2012-07-30 11:33:18 -0700
Served asset /jquery_ujs.js - 304 Not Modified (0ms)


Started GET "/assets/application.js?body=1" for 127.0.0.1 at 2012-07-30 11:33:18 -0700
Served asset /application.js - 304 Not Modified (0ms)


Started GET "/assets/polls.js?body=1" for 127.0.0.1 at 2012-07-30 11:33:18 -0700
Served asset /polls.js - 304 Not Modified (0ms)


Started GET "/polls/new" for 127.0.0.1 at 2012-07-30 11:33:20 -0700
Processing by PollsController#new as HTML
  Rendered polls/new.html.erb within layouts/application (1.8ms)
Completed 200 OK in 12ms (Views: 6.1ms | ActiveRecord: 0.6ms)


Started GET "/assets/application.css?body=1" for 127.0.0.1 at 2012-07-30 11:33:20 -0700
Served asset /application.css - 304 Not Modified (0ms)


Started GET "/assets/bootstrap_and_overrides.css?body=1" for 127.0.0.1 at 2012-07-30 11:33:20 -0700
Served asset /bootstrap_and_overrides.css - 304 Not Modified (0ms)


Started GET "/assets/jquery_ujs.js?body=1" for 127.0.0.1 at 2012-07-30 11:33:20 -0700
Served asset /jquery_ujs.js - 304 Not Modified (0ms)


Started GET "/assets/polls.css?body=1" for 127.0.0.1 at 2012-07-30 11:33:20 -0700
Served asset /polls.css - 304 Not Modified (0ms)


Started GET "/assets/jquery.js?body=1" for 127.0.0.1 at 2012-07-30 11:33:20 -0700
Served asset /jquery.js - 304 Not Modified (0ms)


Started GET "/assets/polls.js?body=1" for 127.0.0.1 at 2012-07-30 11:33:20 -0700
Served asset /polls.js - 304 Not Modified (0ms)


Started GET "/assets/application.js?body=1" for 127.0.0.1 at 2012-07-30 11:33:20 -0700
Served asset /application.js - 304 Not Modified (0ms)


Started POST "/polls" for 127.0.0.1 at 2012-07-30 11:33:23 -0700
Processing by PollsController#create as HTML
  Parameters: {"utf8"=>"✓", "authenticity_token"=>"ZrYfl31+sg7o0g/h6zHpUPzXfj9JscEkrdRuxMyg3CY=", "poll"=>{"name"=>"Whatt?"}, "commit"=>"Create Poll"}
  [1m[35m (0.1ms)[0m  begin transaction
  [1m[36m (0.0ms)[0m  [1mrollback transaction[0m
Completed 500 Internal Server Error in 2ms

NoMethodError (undefined method `link_url' for #<Poll:0x007fb87e153d60>):
  app/models/poll.rb:8:in `create_link'
  app/controllers/polls_controller.rb:8:in `create'


  Rendered /Users/noshaf/.rvm/gems/ruby-1.9.3-p194/gems/actionpack-3.2.6/lib/action_dispatch/middleware/templates/rescues/_trace.erb (2.6ms)
  Rendered /Users/noshaf/.rvm/gems/ruby-1.9.3-p194/gems/actionpack-3.2.6/lib/action_dispatch/middleware/templates/rescues/_request_and_response.erb (0.8ms)
  Rendered /Users/noshaf/.rvm/gems/ruby-1.9.3-p194/gems/actionpack-3.2.6/lib/action_dispatch/middleware/templates/rescues/diagnostics.erb within rescues/layout (8.1ms)


Started POST "/polls" for 127.0.0.1 at 2012-07-30 11:33:44 -0700
Processing by PollsController#create as HTML
  Parameters: {"utf8"=>"✓", "authenticity_token"=>"ZrYfl31+sg7o0g/h6zHpUPzXfj9JscEkrdRuxMyg3CY=", "poll"=>{"name"=>"Whatt?"}, "commit"=>"Create Poll"}
  [1m[35m (0.1ms)[0m  begin transaction
  [1m[36m (0.0ms)[0m  [1mrollback transaction[0m
Completed 500 Internal Server Error in 7ms

NoMethodError (undefined method `poll_url' for #<Poll:0x007fb87e077c20>):
  app/models/poll.rb:8:in `create_link'
  app/controllers/polls_controller.rb:8:in `create'


  Rendered /Users/noshaf/.rvm/gems/ruby-1.9.3-p194/gems/actionpack-3.2.6/lib/action_dispatch/middleware/templates/rescues/_trace.erb (30.2ms)
  Rendered /Users/noshaf/.rvm/gems/ruby-1.9.3-p194/gems/actionpack-3.2.6/lib/action_dispatch/middleware/templates/rescues/_request_and_response.erb (0.9ms)
  Rendered /Users/noshaf/.rvm/gems/ruby-1.9.3-p194/gems/actionpack-3.2.6/lib/action_dispatch/middleware/templates/rescues/diagnostics.erb within rescues/layout (36.1ms)


Started POST "/polls" for 127.0.0.1 at 2012-07-30 11:33:59 -0700
Processing by PollsController#create as HTML
  Parameters: {"utf8"=>"✓", "authenticity_token"=>"ZrYfl31+sg7o0g/h6zHpUPzXfj9JscEkrdRuxMyg3CY=", "poll"=>{"name"=>"Whatt?"}, "commit"=>"Create Poll"}
  [1m[35m (0.0ms)[0m  begin transaction
  [1m[36m (0.0ms)[0m  [1mrollback transaction[0m
Completed 500 Internal Server Error in 7ms

NoMethodError (undefined method `poll_path' for #<Poll:0x007fb87b9cb298>):
  app/models/poll.rb:8:in `create_link'
  app/controllers/polls_controller.rb:8:in `create'


  Rendered /Users/noshaf/.rvm/gems/ruby-1.9.3-p194/gems/actionpack-3.2.6/lib/action_dispatch/middleware/templates/rescues/_trace.erb (2.5ms)
  Rendered /Users/noshaf/.rvm/gems/ruby-1.9.3-p194/gems/actionpack-3.2.6/lib/action_dispatch/middleware/templates/rescues/_request_and_response.erb (0.9ms)
  Rendered /Users/noshaf/.rvm/gems/ruby-1.9.3-p194/gems/actionpack-3.2.6/lib/action_dispatch/middleware/templates/rescues/diagnostics.erb within rescues/layout (8.2ms)


Started POST "/polls" for 127.0.0.1 at 2012-07-30 11:34:37 -0700
Processing by PollsController#create as HTML
  Parameters: {"utf8"=>"✓", "authenticity_token"=>"ZrYfl31+sg7o0g/h6zHpUPzXfj9JscEkrdRuxMyg3CY=", "poll"=>{"name"=>"Whatt?"}, "commit"=>"Create Poll"}
  [1m[35m (0.0ms)[0m  begin transaction
  [1m[36m (0.0ms)[0m  [1mrollback transaction[0m
Completed 500 Internal Server Error in 7ms

NameError (undefined local variable or method `root_url' for #<Poll:0x007fb87f0a4670>):
  app/models/poll.rb:8:in `create_link'
  app/controllers/polls_controller.rb:8:in `create'


  Rendered /Users/noshaf/.rvm/gems/ruby-1.9.3-p194/gems/actionpack-3.2.6/lib/action_dispatch/middleware/templates/rescues/_trace.erb (2.6ms)
  Rendered /Users/noshaf/.rvm/gems/ruby-1.9.3-p194/gems/actionpack-3.2.6/lib/action_dispatch/middleware/templates/rescues/_request_and_response.erb (0.8ms)
  Rendered /Users/noshaf/.rvm/gems/ruby-1.9.3-p194/gems/actionpack-3.2.6/lib/action_dispatch/middleware/templates/rescues/diagnostics.erb within rescues/layout (8.3ms)


Started POST "/polls" for 127.0.0.1 at 2012-07-30 11:34:45 -0700
Processing by PollsController#create as HTML
  Parameters: {"utf8"=>"✓", "authenticity_token"=>"ZrYfl31+sg7o0g/h6zHpUPzXfj9JscEkrdRuxMyg3CY=", "poll"=>{"name"=>"Whatt?"}, "commit"=>"Create Poll"}
  [1m[35m (0.0ms)[0m  begin transaction
  [1m[36m (0.0ms)[0m  [1mrollback transaction[0m
Completed 500 Internal Server Error in 6ms

NameError (undefined local variable or method `root_path' for #<Poll:0x007fb87f2e7ec8>):
  app/models/poll.rb:8:in `create_link'
  app/controllers/polls_controller.rb:8:in `create'


  Rendered /Users/noshaf/.rvm/gems/ruby-1.9.3-p194/gems/actionpack-3.2.6/lib/action_dispatch/middleware/templates/rescues/_trace.erb (2.5ms)
  Rendered /Users/noshaf/.rvm/gems/ruby-1.9.3-p194/gems/actionpack-3.2.6/lib/action_dispatch/middleware/templates/rescues/_request_and_response.erb (0.9ms)
  Rendered /Users/noshaf/.rvm/gems/ruby-1.9.3-p194/gems/actionpack-3.2.6/lib/action_dispatch/middleware/templates/rescues/diagnostics.erb within rescues/layout (8.5ms)


Started GET "/" for 127.0.0.1 at 2012-07-30 11:36:40 -0700
Processing by PollsController#index as HTML
  Rendered polls/index.html.erb within layouts/application (0.0ms)
Completed 200 OK in 5ms (Views: 4.4ms | ActiveRecord: 0.0ms)


Started GET "/assets/bootstrap_and_overrides.css?body=1" for 127.0.0.1 at 2012-07-30 11:36:40 -0700
Served asset /bootstrap_and_overrides.css - 304 Not Modified (0ms)


Started GET "/assets/application.css?body=1" for 127.0.0.1 at 2012-07-30 11:36:40 -0700
Served asset /application.css - 304 Not Modified (0ms)


Started GET "/assets/polls.css?body=1" for 127.0.0.1 at 2012-07-30 11:36:40 -0700
Served asset /polls.css - 304 Not Modified (0ms)


Started GET "/assets/jquery.js?body=1" for 127.0.0.1 at 2012-07-30 11:36:40 -0700
Served asset /jquery.js - 304 Not Modified (0ms)


Started GET "/assets/jquery_ujs.js?body=1" for 127.0.0.1 at 2012-07-30 11:36:40 -0700
Served asset /jquery_ujs.js - 304 Not Modified (0ms)


Started GET "/assets/polls.js?body=1" for 127.0.0.1 at 2012-07-30 11:36:40 -0700
Served asset /polls.js - 304 Not Modified (0ms)


Started GET "/assets/application.js?body=1" for 127.0.0.1 at 2012-07-30 11:36:40 -0700
Served asset /application.js - 304 Not Modified (0ms)


Started POST "/polls" for 127.0.0.1 at 2012-07-30 11:36:44 -0700
Processing by PollsController#create as HTML
  Parameters: {"utf8"=>"✓", "authenticity_token"=>"ZrYfl31+sg7o0g/h6zHpUPzXfj9JscEkrdRuxMyg3CY=", "poll"=>{"name"=>"Whatt?"}, "commit"=>"Create Poll"}
  [1m[35m (0.1ms)[0m  begin transaction
  [1m[36m (0.0ms)[0m  [1mrollback transaction[0m
Completed 500 Internal Server Error in 7ms

NameError (undefined local variable or method `request' for #<Poll:0x007fb87f315c38>):
  app/models/poll.rb:8:in `create_link'
  app/controllers/polls_controller.rb:8:in `create'


  Rendered /Users/noshaf/.rvm/gems/ruby-1.9.3-p194/gems/actionpack-3.2.6/lib/action_dispatch/middleware/templates/rescues/_trace.erb (2.8ms)
  Rendered /Users/noshaf/.rvm/gems/ruby-1.9.3-p194/gems/actionpack-3.2.6/lib/action_dispatch/middleware/templates/rescues/_request_and_response.erb (1.0ms)
  Rendered /Users/noshaf/.rvm/gems/ruby-1.9.3-p194/gems/actionpack-3.2.6/lib/action_dispatch/middleware/templates/rescues/diagnostics.erb within rescues/layout (9.2ms)
